# JRE version: OpenJDK Runtime Environment (11.0.10) (build 11.0.10+0-b96-7249189)
# Java VM: OpenJDK 64-Bit Server VM (11.0.10+0-b96-7249189, mixed mode, tiered, compressed oops, g1 gc, windows-amd64)
Heap:
 garbage-first heap   total 260096K, used 107198K [0x0000000080000000, 0x0000000100000000)
  region size 1024K, 1 young (1024K), 1 survivors (1024K)
 Metaspace       used 113359K, capacity 116029K, committed 116172K, reserved 1159168K
  class space    used 14206K, capacity 15222K, committed 15308K, reserved 1048576K
GC Heap History (20 events):
Event: 39.594 GC heap before
{Heap before GC invocations=13 (full 0):
 garbage-first heap   total 260096K, used 165641K [0x0000000080000000, 0x0000000100000000)
  region size 1024K, 108 young (110592K), 8 survivors (8192K)
 Metaspace       used 82218K, capacity 84246K, committed 84556K, reserved 1122304K
  class space    used 10712K, capacity 11500K, committed 11596K, reserved 1048576K
}
Event: 39.619 GC heap after
{Heap after GC invocations=14 (full 0):
 garbage-first heap   total 260096K, used 70721K [0x0000000080000000, 0x0000000100000000)
  region size 1024K, 14 young (14336K), 14 survivors (14336K)
 Metaspace       used 82218K, capacity 84246K, committed 84556K, reserved 1122304K
  class space    used 10712K, capacity 11500K, committed 11596K, reserved 1048576K
}
Event: 42.548 GC heap before
{Heap before GC invocations=14 (full 0):
 garbage-first heap   total 260096K, used 174145K [0x0000000080000000, 0x0000000100000000)
  region size 1024K, 116 young (118784K), 14 survivors (14336K)
 Metaspace       used 83783K, capacity 85832K, committed 85964K, reserved 1124352K
  class space    used 10868K, capacity 11632K, committed 11724K, reserved 1048576K
}
Event: 42.574 GC heap after
{Heap after GC invocations=15 (full 0):
 garbage-first heap   total 260096K, used 76929K [0x0000000080000000, 0x0000000100000000)
  region size 1024K, 13 young (13312K), 13 survivors (13312K)
 Metaspace       used 83783K, capacity 85832K, committed 85964K, reserved 1124352K
  class space    used 10868K, capacity 11632K, committed 11724K, reserved 1048576K
}
Event: 45.907 GC heap before
{Heap before GC invocations=15 (full 0):
 garbage-first heap   total 260096K, used 182401K [0x0000000080000000, 0x0000000100000000)
  region size 1024K, 117 young (119808K), 13 survivors (13312K)
 Metaspace       used 88851K, capacity 90967K, committed 91212K, reserved 1128448K
  class space    used 11496K, capacity 12293K, committed 12364K, reserved 1048576K
}
Event: 45.937 GC heap after
{Heap after GC invocations=16 (full 0):
 garbage-first heap   total 260096K, used 82163K [0x0000000080000000, 0x0000000100000000)
  region size 1024K, 12 young (12288K), 12 survivors (12288K)
 Metaspace       used 88851K, capacity 90967K, committed 91212K, reserved 1128448K
  class space    used 11496K, capacity 12293K, committed 12364K, reserved 1048576K
}
Event: 1131.800 GC heap before
{Heap before GC invocations=16 (full 0):
 garbage-first heap   total 260096K, used 218355K [0x0000000080000000, 0x0000000100000000)
  region size 1024K, 117 young (119808K), 12 survivors (12288K)
 Metaspace       used 92918K, capacity 95165K, committed 95180K, reserved 1132544K
  class space    used 11936K, capacity 12734K, committed 12748K, reserved 1048576K
}
Event: 1131.842 GC heap after
{Heap after GC invocations=17 (full 0):
 garbage-first heap   total 260096K, used 88947K [0x0000000080000000, 0x0000000100000000)
  region size 1024K, 13 young (13312K), 13 survivors (13312K)
 Metaspace       used 92918K, capacity 95165K, committed 95180K, reserved 1132544K
  class space    used 11936K, capacity 12734K, committed 12748K, reserved 1048576K
}
Event: 1136.017 GC heap before
{Heap before GC invocations=17 (full 0):
 garbage-first heap   total 260096K, used 196467K [0x0000000080000000, 0x0000000100000000)
  region size 1024K, 117 young (119808K), 13 survivors (13312K)
 Metaspace       used 99185K, capacity 101819K, committed 102092K, reserved 1138688K
  class space    used 12724K, capacity 13693K, committed 13772K, reserved 1048576K
}
Event: 1136.046 GC heap after
{Heap after GC invocations=18 (full 0):
 garbage-first heap   total 260096K, used 101945K [0x0000000080000000, 0x0000000100000000)
  region size 1024K, 15 young (15360K), 15 survivors (15360K)
 Metaspace       used 99185K, capacity 101819K, committed 102092K, reserved 1138688K
  class space    used 12724K, capacity 13693K, committed 13772K, reserved 1048576K
}
Event: 1139.045 GC heap before
{Heap before GC invocations=18 (full 0):
 garbage-first heap   total 260096K, used 216633K [0x0000000080000000, 0x0000000100000000)
  region size 1024K, 111 young (113664K), 15 survivors (15360K)
 Metaspace       used 104077K, capacity 106738K, committed 106956K, reserved 1142784K
  class space    used 13239K, capacity 14210K, committed 14284K, reserved 1048576K
}
Event: 1139.079 GC heap after
{Heap after GC invocations=19 (full 0):
 garbage-first heap   total 260096K, used 112497K [0x0000000080000000, 0x0000000100000000)
  region size 1024K, 13 young (13312K), 13 survivors (13312K)
 Metaspace       used 104077K, capacity 106738K, committed 106956K, reserved 1142784K
  class space    used 13239K, capacity 14210K, committed 14284K, reserved 1048576K
}
Event: 1140.776 GC heap before
{Heap before GC invocations=19 (full 0):
 garbage-first heap   total 260096K, used 190321K [0x0000000080000000, 0x0000000100000000)
  region size 1024K, 91 young (93184K), 13 survivors (13312K)
 Metaspace       used 109631K, capacity 112189K, committed 112332K, reserved 1146880K
  class space    used 13738K, capacity 14689K, committed 14796K, reserved 1048576K
}
Event: 1140.799 GC heap after
{Heap after GC invocations=20 (full 0):
 garbage-first heap   total 260096K, used 115924K [0x0000000080000000, 0x0000000100000000)
  region size 1024K, 4 young (4096K), 4 survivors (4096K)
 Metaspace       used 109631K, capacity 112189K, committed 112332K, reserved 1146880K
  class space    used 13738K, capacity 14689K, committed 14796K, reserved 1048576K
}
Event: 1150.901 GC heap before
{Heap before GC invocations=21 (full 0):
 garbage-first heap   total 260096K, used 196182K [0x0000000080000000, 0x0000000100000000)
  region size 1024K, 93 young (95232K), 4 survivors (4096K)
 Metaspace       used 112637K, capacity 115334K, committed 115532K, reserved 1148928K
  class space    used 14111K, capacity 15095K, committed 15180K, reserved 1048576K
}
Event: 1150.918 GC heap after
{Heap after GC invocations=22 (full 0):
 garbage-first heap   total 260096K, used 109797K [0x0000000080000000, 0x0000000100000000)
  region size 1024K, 8 young (8192K), 8 survivors (8192K)
 Metaspace       used 112637K, capacity 115334K, committed 115532K, reserved 1148928K
  class space    used 14111K, capacity 15095K, committed 15180K, reserved 1048576K
}
Event: 1151.034 GC heap before
{Heap before GC invocations=22 (full 0):
 garbage-first heap   total 260096K, used 113893K [0x0000000080000000, 0x0000000100000000)
  region size 1024K, 12 young (12288K), 8 survivors (8192K)
 Metaspace       used 112747K, capacity 115500K, committed 115788K, reserved 1150976K
  class space    used 14126K, capacity 15129K, committed 15180K, reserved 1048576K
}
Event: 1151.045 GC heap after
{Heap after GC invocations=23 (full 0):
 garbage-first heap   total 260096K, used 107815K [0x0000000080000000, 0x0000000100000000)
  region size 1024K, 2 young (2048K), 2 survivors (2048K)
 Metaspace       used 112747K, capacity 115500K, committed 115788K, reserved 1150976K
  class space    used 14126K, capacity 15129K, committed 15180K, reserved 1048576K
}
Event: 1151.477 GC heap before
{Heap before GC invocations=23 (full 0):
 garbage-first heap   total 260096K, used 137511K [0x0000000080000000, 0x0000000100000000)
  region size 1024K, 32 young (32768K), 2 survivors (2048K)
 Metaspace       used 113359K, capacity 116029K, committed 116172K, reserved 1157120K
  class space    used 14206K, capacity 15222K, committed 15308K, reserved 1048576K
}
Event: 1151.483 GC heap after
{Heap after GC invocations=24 (full 0):
 garbage-first heap   total 260096K, used 107198K [0x0000000080000000, 0x0000000100000000)
  region size 1024K, 1 young (1024K), 1 survivors (1024K)
 Metaspace       used 113359K, capacity 116029K, committed 116172K, reserved 1157120K
  class space    used 14206K, capacity 15222K, committed 15308K, reserved 1048576K
}

